[   0.000000] Linux version 4.8.0-39-generic (buildd@lgw01-59) (gcc version 6.2 2161005 (Ubuntu 6.2.0-5ubuntu12) ) #42-Ubuntu SMP Mon Feb 20 11:47:27 UTC 2017 (Ubtu4.8.3942-genic4.8.17
[   0.000000]omand li: OOT_IME=boot/vinz-4.8.39genec oot=LABEL=cloudimg-rootfs ro console=tty1 console=ttyS0
[   .00000] RNL suppte cpus:
[    0.000000]   Intel GenuineIntel
[    0.000000]   AMD AuthenticAMD
[    0.00000  Centaur CentaurHauls
[    0.000000] x86/fpu: Legacy x87 FPU detected.
[    0.000000] x86/fpu: Using 'eager' FPU context switches.
[  0.000000] e820: BIOS-provided physical RAM map:
[    0.000000] BIOS-e820: [mem 0x0000000000000000-0x000000000009fbff] usable
[    0.000000] BIOS-e820: [mem 0x000000000009fc00-0x000000000009ffff] reserved
[    0.000000] BIOS-e820: [mem 0x00000000000f0000-0x00000000000fffff] reserved
[    0.000000] BIOS-e820: [mem 0x0000000000100000-0x000000003ffeffff] usable
[    0.000000] BIOS-e820: [mem 0x000000003fff0000-0x000000003fffffff] ACPI data
[    0.000000] BIOS-e820: [mem 0x00000000fec00000-0x00000000fec00fff] reserved
[    0.000000] BIOS-e820: [mem 0x00000000fee00000-0x00000000fee00fff] reserved
[    0.000000] BIOS-e820: [mem 0x00000000fffc0000-0x00000000ffffffff] reserved
[    0.000000] NX (Execute Disable) protection: active
[    0.000000] SMBIOS 2.5 present.
[    0.000000] Hypervisor detected: KVM
[    0.000000] AGP: No AGP bridge found
[    0.000000] e820: last_pfn = 0x3fff0 max_arch_pfn = 0x400000000
[    0.000000] MTRR: Disabled
[    0.000000] x86/PAT: MTRRs disabled, skipping PAT initialization too.
[    0.000000] x86/PAT: Configuration [0-7]: WB  WT  UC- UC  WB  WT  UC- UC  
[    0.000000] CPU MTRRs all blank - virtualized system.
[    0.000000] found SMP MP-table at [mem 0x0009fff0-0x0009ffff] mapped at [ffff9b544009fff0]
[    0.000000] Scanning 1 areas for low memory corruption
[    0.000000] RAMDISK: [mem 0x36994000-0x374c1fff]
[    0.000000] ACPI: Early table checksum verification disabled
[    0.000000] ACPI: RSDP 0x00000000000E0000 000024 (v02 VBOX  )
[    0.000000] ACPI: XSDT 0x000000003FFF0030 00003C (v01 VBOX   VBOXXSDT 00000001 ASL  00000061)
[    0.000000] ACPI: FACP 0x000000003FFF00F0 0000F4 (v04 VBOX   VBOXFACP 00000001 ASL  00000061)
[    0.000000] ACPI: DSDT 0x000000003FFF0470 00210F (v01 VBOX   VBOXBIOS 00000002 INTL 20160831)
[    0.000000] ACPI: FACS 0x000000003FFF0200 000040
[    0.000000] ACPI: FACS 0x000000003FFF0200 000040
[    0.000000] ACPI: APIC 0x000000003FFF0240 00005C (v02 VBOX   VBOXAPIC 00000001 ASL  00000061)
[    0.000000] ACPI: SSDT 0x000000003FFF02A0 0001CC (v01 VBOX   VBOXCPUT 00000002 INTL 20160831)
[    0.000000] No NUMA configuration found
[    0.000000] Faking a node at [mem 0x0000000000000000-0x000000003ffeffff]
[    0.000000] NODE_DATA(0) allocated [mem 0x3ffeb000-0x3ffeffff]
[    0.000000] kvm-clock: Using msrs 4b564d01 and 4b564d00
[    0.000000] kvm-clock: cpu 0, msr 0:3ffe3001, primary cpu clock
[    0.000000] kvm-clock: using sched offset of 3834602828 cycles
[    0.000000] clocksource: kvm-clock: mask: 0xffffffffffffffff max_cycles: 0x1cd42e4dffb, max_idle_ns: 881590591483 ns
[    0.000000] Zone ranges:
[    0.000000]   DMA      [memx000000000100-0x0000000fffff
    0.000000]   D32   [m 0000000000000-0x000000003ffeffff]
[    0.000000]   Norl  empty[    0000]   Dic   emp
   0.000] Movable zone start for each node
[    0.000 Earlyemry node ngs
[  000000] nde   0[m 0x00000001000-0x000000000009efff]
[    0.000000]   node   0: [mem 0x0000000000100000-0x000000003ffeffff]
[    0.000000] Initmem setup node 0 [mem 0x0000000000001000-0x000000003ffeffff]
[    0.000000] ACPI: PM-Timer IO Port: 0x4008
[    0.000000] IOAPIC[0]: apic_id 2, version 32, address 0xfec00000, GSI 0-23
[    0.000000] ACPI: INT_SRC_OVR (bus 0 bus_irq 0 global_irq 2 dfl dfl)
[    0.000000] ACPI: INT_SRC_OVR (bus 0 bus_irq 9 global_irq 9 high level)
[    0.000000] Using ACPI (MADT) for SMP configuration information
[    0.000000] smpboot: Allowing 2 CPUs, 0 hotplug CPUs
[    0.000000] PM: Registered nosave memory: [mem 0x00000000-0x00000fff]
[    0.0000000] PM: Registered nosave memory: [mem 0x0009f000-0x0009ffff]
[    0.000000] PM: Registered nosave memory: [mem 0x000a0000-0x000effff]
[    0.000000] PM: Registered nosave memory: [mem 0x000f0000-0x000fffff]
[    0.000000] e820: [mem 0x40000000-0xfebfffff] available for PCI devices
[    0.000000] Booting paravirtualized kernel on KVM
[    0.000000] clocksource: refined-jiffies: mask: 0xffffffff max_cycles: 0xffffffff, max_idle_ns: 7645519600211568 ns
[    0.000000] setup_percpu: NR_CPUS:512 nr_cpumask_bits:512 nr_cpu_ids:2 nr_node_ids:1
[    0.000000] percpu: Embedded 36 pages/cpu @ffff9b547fc00000 s107864 r8192 d31400 u1048576
[    0.000000] PV qspinlock hash table entries: 256 (order: 0, 4096 bytes)
[    0.000000] Built 1 zonelists in Node order, mobility grouping on.  Total pages: 257913
[    0.000000] Policy zone: DMA32
[    0.000000] Kernel command line: BOOT_IMAGE=/boot/vmlinuz-4.8.0-39-generic root=LABEL=cloudimg-rootfs ro console=tty1 console=ttyS0
[    0.000000] PID hash table entries: 4096 (order: 3, 32768 bytes)
[    0.000000] AGP: Checking aperture...
[    0.000000] AGP: No AGP bridge found
[    0.000000] Memory: 1000884K/1048120K available (8852K kernel code, 1441K rwdata, 3828K rodata, 1556K init, 1296K bss, 47236K reserved, 0K cma-reserved)
[    0.000000] SLUB: HWalign=64, Order=0-3, MinObjects=0, CPUs=2, Nodes=1
[    0.000000] Hierarchical RCU implementation.
[    0.000000] 	Build-time adjustment of leaf fanout to 64.
[    0.000000] 	RCU restricting CPUs from NR_CPUS=512 to nr_cpu_ids=2.
[    0.000000] RCU: Adjusting geometry for rcu_fanout_leaf=64, nr_cpu_ids=2
[    0.000000] NR_IRQS:33024 nr_irqs:440 16
[    0.000000] Console: colour VGA+ 80x25
[    0.000000] console [tty1] enabled
[    0.000000] console [ttyS0] enabled
[    0.000000] tsc: Detected 2196.442 MHz processor
[    0.000000] tsc: Marking TSC unstable due to TSCs unsynchronized
[    0.012000] Calibrating delay loop (skipped) preset value.. 4392.88 BogoMIPS (lpj=8785768)
[    0.016007] pid_max: default: 32768 minimum: 301
[    0.020043] ACPI: Core revision 20160422
[    0.022827] ACPI: 2 ACPI AML tables successfully acquired and loaded
[    0.028004] 
[    0.028748] Security Framework initialized
[    0.030081] Yama: becoming mindful.
[    0.032027] AppArmor: AppArmor initialized
[    0.033455] Dentry cache hash table entries: 131072 (order: 8, 1048576 bytes)
[    0.036339] Inode-cache hash table entries: 65536 (order: 7, 524288 bytes)
[    0.040139] Mount-cache hash table entries: 2048 (order: 2, 16384 bytes)
[    0.042262] Mountpoint-cache hash table entries: 2048 (order: 2, 16384 bytes)
[    0.044424] CPU: Physical Processor ID: 0
[    0.045755] CPU: Processor Core ID: 0
[    0.047058] mce: CPU supports 0 MCE banks
[    0.048027] process: using AMD E400 aware idle routine
[    0.052013] Last level iTLB entries: 4KB 512, 2MB 16, 4MB 8
[    0.056006] Last level dTLB entries: 4KB 512, 2MB 128, 4MB 64, 1GB 0
[    0.062506] Freeing SMP alternatives memory: 32K (ffffffffa1eef000 - ffffffffa1ef7000)
[    0.077934] ftrace: allocating 33435 entries in 131 pages
[    0.096175] smpboot: APIC(0) Converting physical 0 to logical package 0
[    0.100013] smpboot: Max logical packages: 1
[    0.104425] x2apic enabled
[    0.108009] Switched APIC routing to physical x2apic.
[    0.113593] ..TIMER: vector=0x30 apic1=0 pin1=2 apic2=-1 pin2=-1
[    0.120000] smpboot: CPU0: AMD Turion(tm) II Neo N54L Dual-Core Processor (family: 0x10, model: 0x6, stepping: 0x3)
[    0.128752] Performance Events: PMU not available due to virtualization, using software events only.
[    0.136056] KVM setup paravirtual spinlock
[    0.141065] x86: Booting SMP configuration:
[    0.144009] .... node  #0, CPUs:      #1
[    0.012000] kvm-clock: cpu 1, msr 0:3ffe3041, secondary cpu clock
[    0.012000] mce: CPU supports 0 MCE banks
[    0.164011] x86: Booted up 1 node, 2 CPUs
[    0.165816] smpboot: Total of 2 processors activated (8785.76 BogoMIPS)
[    0.172488] devtmpfs: initialized
[    0.285197] x86/mm: Memory block size: 128MB
[    0.448684] evm: security.selinux
[    0.560004] evm: security.SMACK64
[    0.676006] evm: security.SMACK64EXEC
[    0.800003] evm: security.SMACK64TRANSMUTE
[    0.944008] evm: security.SMACK64MMAP
[    0.956011] evm: security.ima
[    0.957234] evm: security.capability
[    0.965972] clocksource: jiffies: mask: 0xffffffff max_cycles: 0xffffffff, max_idle_ns: 7645041785100000 ns
[    0.969083] pinctrl core: initialized pinctrl subsystem
[    0.972221] RTC time: 14:34:34, date: 03/05/17
[    0.984350] NET: Registered protocol family 16
[    1.004096] cpuidle: using governor ladder
[    1.024036] cpuidle: using governor menu
[    1.072042] PCCT header not found.
[    1.176252] ACPI: bus type PCI registered
[    1.308009] acpiphp: ACPI Hot Plug PCI Controller Driver version: 0.5
[    1.552151] PCI: Using configuration type 1 for base access
[    1.756007] PCI: Using configuration type 1 for extended access
[    1.996130] HugeTLB registered 2 MB page size, pre-allocated 0 pages
[    2.000244] ACPI: Added _OSI(Module Device)
[    2.088014] ACPI: Added _OSI(Processor Device)
[    2.092003] ACPI: Added _OSI(3.0 _SCP Extensions)
[    2.094003] ACPI: Added _OSI(Processor Aggregator Device)
[    2.096328] ACPI: Executed 1 blocks of module-level executable AML code
[    2.104928] ACPI: Interpreter enabled
[    2.106435] ACPI: (supports S0 S5)
[    2.107687] ACPI: Using IOAPIC for interrupt routing
[    2.108238] PCI: Using host bridge windows from ACPI; if necessary, use "pci=nocrs" and report a bug
[    2.119115] ACPI: PCI Root Bridge [PCI0] (domain 0000 [bus 00-ff])
[    2.120021] acpi PNP0A03:00: _OSC: OS supports [ExtendedConfig ASPM ClockPM Segments MSI]
[    2.128083] acpi PNP0A03:00: _OSC failed (AE_NOT_FOUND); disabling ASPM
[    2.132902] PCI host bridge to bus 0000:00
[    2.136008] pci_bus 0000:00: root bus resource [io  0x0000-0x0cf7 window]
[    2.140007] pci_bus 0000:00: root bus resource [io  0x0d00-0xffff window]
[    2.144008] pci_bus 0000:00: root bus resource [mem 0x000a0000-0x000bffff window]
[    2.148008] pci_bus 0000:00: root bus resource [mem 0x40000000-0xffdfffff window]
[    2.152008] pci_bus 0000:00: root bus resource [bus 00-ff]
[    2.313836] pci 0000:00:01.1: legacy IDE quirk: reg 0x10: [io  0x01f0-0x01f7]
[    2.556024] pci 0000:00:01.1: legacy IDE quirk: reg 0x14: [io  0x03f6]
[    2.788019] pci 0000:00:01.1: legacy IDE quirk: reg 0x18: [io  0x0170-0x0177]
[    3.036013] pci 0000:00:01.1: legacy IDE quirk: reg 0x1c: [io  0x0376]
[    3.309720] pci 0000:00:07.0: quirk: [io  0x4000-0x403f] claimed by PIIX4 ACPI
[    3.312078] pci 0000:00:07.0: quirk: [io  0x4100-0x410f] claimed by PIIX4 SMB
[    3.370999] ACPI: PCI Interrupt Link [LNKA] (IRQs 5 9 10 *11)
[    3.564327] ACPI: PCI Interrupt Link [LNKB] (IRQs 5 9 10 *11)
[    3.768103] ACPI: PCI Interrupt Link [LNKC] (IRQs 5 9 *10 11)
[    3.976128] ACPI: PCI Interrupt Link [LNKD] (IRQs 5 *9 10 11)
[    4.166662] ACPI: Enabled 2 GPEs in block 00 to 07
[    4.328560] SCSI subsystem initialized
[    4.460177] vgaarb: setting as boot device: PCI:0000:00:02.0
[    4.464000] vgaarb: device added: PCI:0000:00:02.0,decodes=io+mem,owns=io+mem,locks=none
[    4.464055] vgaarb: loaded
[    4.468005] vgaarb: bridge control possible 0000:00:02.0
[    4.472084] ACPI: bus type USB registered
[    4.476065] usbcore: registered new interface driver usbfs
[    4.480026] usbcore: registered new interface driver hub
[    4.484062] usbcore: registered new device driver usb
[    4.485895] PCI: Using ACPI for IRQ routing
[    4.488329] NetLabel: Initializing
[    4.492017] NetLabel:  domain hash size = 128
[    4.496006] NetLabel:  protocols = UNLABELED CIPSOv4
[    4.500051] NetLabel:  unlabeled traffic allowed by default
[    4.504270] clocksource: Switched to clocksource kvm-clock
[    4775]FS Dis quotas dot.6
[    4.987457] VFS: Dquot-cache hash table entries: 512 (order 0, 4096 bytes)
[    4.989960] AppArmor: AppArmor Filesystem Enabled
[    4.991361] pnp: PnP ACPI init
[    4.991361] pnp: PnP ACPI: found 3 devices

[    5.017983] clocksource: acpi_pm: mask: 0xffffff max_cycles: 0xffffff, max_idle_ns: 2085701024 ns
[    5.021070] NET: Registered protocol family 2
[    5.024391] TCP established hash table entries: 8192 (order: 4, 65536 bytes)
[    5.026941] TCP bind hash table entries: 8192 (order: 5, 131072 bytes)
[    5.028256] TCP: Hash tables configured (established 8192 bind 8192)
[    5.028256] UDP hash table entries: 512 (order: 2, 16384 bytes)
[    5.028256] UDP-Lite hash table entries: 512 (order: 2, 16384 bytes)
[    5.0256 NET: Registed proc fil1  5.4436]ci000:00:00.0: Limiting directCIPCI trafe
  5.97] i 0000:00:01.0: Activating ISA DMA hang workarounds
[    5.923649] pci 0000:00:02.0: Video device with shadowed ROM at [mem 0x000c0000-0x000dffff]
[    5.923649] Trying to unpack rootfs image as initramfs...

[    9.129397] Freeing initrd memory: 11448K (ffff9b5476994000 - ffff9b54774c2000)
[    9.385699] clocksource: tsc: mask: 0xffffffffffffffff max_cycles: 0x1fa911b0469, max_idle_ns: 440795285075 ns
[    9.520112] platform rtc_cmos: registered platform RTC device (no PNP device found)
[    9.555416] Scanning for low memory corruption every 60 seconds
[    9.588974] futex hash table entries: 512 (order: 3, 32768 bytes)
[    9.591266] audit: initializing netlink subsys (disabled)
[    9.593895] audit: type=2000 audit(1488724484.971:1): initialized
[    9.596365] Initialise system trusted keyrings
[    9.599585] workingset: timestamp_bits=40 max_order=18 bucket_order=0
[    9.604779] zbud: loaded
[    9.606777] squashfs: version 4.0 (2009/01/31) Phillip Lougher
[    9.610029] fuse init (API version 7.25)
[    9.612023] Allocating IMA blacklist keyring.
[    9.624590] Key type asymmetric registered
[    9.626573] Asymmetric key parser 'x509' registered
[    9.628453] Block layer SCSI generic (bsg) driver version 0.4 loaded (major 248)
[    9.632480] io scheduler noop registered
[    9.633838] io scheduler deadline registered (default)
[    9.635586] io scheduler cfq registered
[    9.637602] pci_hotplug: PCI Hot Plug PCI Core version: 0.5
[    9.639393] pciehp: PCI Express Hot Plug Controller Driver version: 0.4
[    9.642142] ACPI: AC Adapter [AC] (on-line)
[    9.643639] input: Power Button as /devices/LNXSYSTM:00/LNXPWRBN:00/input/input0
[    9.646309] ACPI: Power Button [PWRF]
[    9.648155] input: Sleep Button as /devices/LNXSYSTM:00/LNXSLPBN:00/input/input1
[    9.650692] ACPI: Sleep Button [SLPF]
[    9.653416] GHES: HEST is not enabled!
[    9.654991] Serial: 8250/16550 driver, 32 ports, IRQ sharing enabled
[    9.680258] 00:02: ttyS0 at I/O 0x3f8 (irq = 4, base_baud = 115200) is a 16550A
[    9.689860] Linux agpgart interface v0.103
[    9012] brdmoleoad
[   10.047424] loop: module loaded
[   10.126816] scsi host0: ata_piix
[   10.172790] scsi host1: ata_piix
[   10.211859] ata1: PATA max UDMA/33 cmd 0x1f0 ctl 0x3f6 bmdma 0xd000 irq 14
[   10.305658] ata2: PATA max UDMA/33 cmd 0x170 ctl 0x376 bmdma 0xd008 irq 15
[   10.358305] libphy: Fixed MDIO Bus: probed
[   10.365182] tun: Universal TUN/TAP device driver, 1.6
[   10.399179] tun: (C) 1999-2004 Max Krasnyansky <maxk@qualcomm.com>
[   10.471270] PPP generic driver version 2.4.2
[   10.526742] ehci_hcd: USB 2.0 'Enhanced' Host Controller (EHCI) Driver
[   10.554334] ehci-pci: EHCI PCI platform driver
[   10.19] ciplatform: EHCI generic platform driver
[   10.801697] ohci_hcd: USB 1.1 'Open' Host Controller (OHCI) Driver
[   10.804534] ohci-pci: OHCI PCI platform driver
[   10.805588] ohci-platform: OHCI generic platform driver
[   10.805588] uhci_hcd: USB Universal Host Controller Interface driver
[   10.805588] i8042: PNP: PS/2 Controller [PNP0303:PS2K,PNP0f03:PS2M] at 0x60,0x64 irq 1,12
[   10.805588] serio: i8042 KBD port at 0x60,0x64 irq 1
[   10.805588] serio: i8042 AUX port at 0x60,0x64 irq 12
[   10.820363] mousedev: PS/2 mouse device common for all mice
[   10.823153] input: AT Translated Set 2 keyboard as /devices/platform/i8042/serio0/input/input2
[   10.827664] rtc_cmos rtc_cmos: rtc core: registered rtc_cmos as rtc0
[   10.827748] rtc_cmos rtc_cmos: alarms up to one day, 114 bytes nvram
[   10.827757] i2c /dev entries driver
[   10.827849] device-mapper: uevent: version 1.0.3
[   10.827937] device-mapper: ioctl: 4.35.0-ioctl (2016-06-23) initialised: dm-devel@redhat.com
[   10.841173] ledtrig-cpu: registered to indicate activity on CPUs
[   10.849379] NET: Registered protocol family 10
[   10.851624] NET: Registered protocol family 17
[   10.853415] Key type dns_resolver registered
[   10.855518] microcode: CPU0: patch_level=0x010000bf
[   10.881860] microcode: CPU1: patch_level=0x010000bf
[   11.023596] microcode: Microcode Update Driver: v2.01 <tigran@aivazian.fsnet.co.uk>, Peter Oruba
[   11.314198] registered taskstats version 1
[   11.454321] Loading compiled-in X.509 certificates
[   11.610597] Loaded X.509 cert 'Build time autogenerated kernel key: d6584fb7cedf7ce57f7ac3ba9b60b4ff34aeab60'
[   11.732296] zswap: loaded using pool lzo/zbud
[   11.837076] Key type big_key registered
[   11.887214] Key type trusted registered
[   11.929172] Key type encrypted registered
[   11.930613] AppArmor: AppArmor sha1 policy hashing enabled
[   11.932331] ima: No TPM chip found, activating TPM-bypass!
[   11.934809] evm: HMAC attrs: 0x1
[   11.936689]   Magic number: 9:868:585
[   12.042062] rtc_cmos rtc_cmos: setting system clock to 2017-03-05 14:34:46 UTC (1488724486)
[   12.291936] BIOS EDD facility v0.16 2004-Jun-25, 0 devices found
[   12.490520] EDD information not available.
[   12.623413] Freeing unused kernel memory: 1556K (ffffffffa1d6a000 - ffffffffa1eef000)
[   12.876072] Write protecting the kernel read-only data: 14336k
[   13.066427] Freeing unused kernel memory: 1372K (ffff9b54458a9000 - ffff9b5445a00000)
[   13.142587] Freeing unused kernel memory: 268K (ffff9b5445dbd000 - ffff9b5445e00000)
[   13.159226] x86/mm: Checked W+X mappings: passed, no W+X pages found.
Loading, please wait...
starting version 231
[   13.219604] random: systemd-udevd: uninitialized urandom read (16 bytes read)
[   13.223046] random: systemd-udevd: uninitialized urandom read (16 bytes read)
[   13.226664] random: systemd-udevd: uninitialized urandom read (16 bytes read)
[   13.233505] random: systemd-udevd: uninitialized urandom read (16 bytes read)
[   13.236522] random: udevadm: uninitialized urandom read (16 bytes read)
[   13.236895] random: udevadm: uninitialized urandom read (16 bytes read)
[   13.241399] random: udevadm: uninitialized urandom read (16 bytes read)
[   13.241740] random: udevadm: uninitialized urandom read (16 bytes read)
[   13.242029] random: udevadm: uninitialized urandom read (16 bytes read)
[   13.242952] random: udevadm: uninitialized urandom read (16 bytes read)
[   13.310069] e1000: Intel(R) PRO/1000 Network Driver - version 7.3.21-k8-NAPI
[   13.434544] e1000: Copyright (c) 1999-2006 Intel Corporation.
[   13.512101] Fusion MPT base driver 3.04.20
[   13.513539] Copyright (c) 1999-2008 LSI Corporation
[   13.526547] Fusion MPT SPI Host driver 3.04.20
[   13.528935] mptbase: ioc0: Initiating bringup
[   13.624508] ioc0: LSI53C1030 A0: Capabilities={Initiator}
[   13.727900] input: ImExPS/2 Generic Explorer Mouse as /devices/platform/i8042/serio1/input/input4
[   14.740252] scsi host2: ioc0: LSI53C1030 A0, FwRev=00000000h, Ports=1, MaxQ=256, IRQ=20
[   16.334459] scsi 2:0:0:0: Direct-Access     VBOX     HARDDISK         1.0  PQ: 0 ANSI: 5
[   16.590860] scsi target2:0:0: Beginning Domain Validation
[   16.692107] floppy0: no floppy controllers found
[   16.736204] scsi target2:0:0: Domain Validation skipping write tests
[   16.751046] scsi target2:0:0: Ending Domain Validation
[   16.763023] scsi target2:0:0: asynchronous
[   16.788589] scsi 2:0:1:0: Direct-Access     VBOX     HARDDISK         1.0  PQ: 0 ANSI: 5
[   16.792822] scsi target2:0:1: Beginning Domain Validation
[   16.806766] scsi target2:0:1: Domain Validation skipping write tests
[   16.809617] scsi target2:0:1: Ending Domain Validation
[   16.811575] scsi target2:0:1: asynchronous
[   16.856540] random: fast init done
[   16.956516] sd 2:0:0:0: [sda] 20971520 512-byte logical blocks: (10.7 GB/10.0 GiB)
[   16.963400] sd 2:0:0:0: Attached scsi generic sg0 type 0
[   16.968348] sd 2:0:1:0: Attached scsi generic sg1 type 0
[   16.970637] sd 2:0:1:0: [sdb] 20480 512-byte logical blocks: (10.5 MB/10.0 MiB)
[   16.974661] sd 2:0:1:0: [sdb] Write Protect is off
[   16.976635] sd 2:0:1:0: [sdb] Incomplete mode parameter data
[   16.979541] sd 2:0:1:0: [sdb] Assuming drive cache: write through
[   16.983262] sd 2:0:0:0: [sda] Write Protect is off
[   17.005667] sd 2:0:1:0: [sdb] Attached SCSI disk
[   17.224680] sd 2:0:0:0: [sda] Incomplete mode parameter data
[   17.236528] sd 2:0:0:0: [sda] Assuming drive cache: write through
[   17.237517] e1000 0000:00:03.0 eth0: (PCI:33MHz:32-bit) 02:b6:31:76:ba:6f
[   17.237525] e1000 0000:00:03.0 eth0: Intel(R) PRO/1000 Network Connection
[   17.286178]  sda: sda1
[   17.288519] sd 2:0:0:0: [sda] Attached SCSI disk
[   17.619960] e1000 0000:00:08.0 eth1: (PCI:33MHz:32-bit) 08:00:27:be:fa:35
[   17.858218] e1000 0000:00:08.0 eth1: Intel(R) PRO/1000 Network Connection
[   17.883517] e1000 0000:00:03.0 enp0s3: renamed from eth0
[   17.903218] e1000 0000:00:08.0 enp0s8: renamed from eth1
Begin: Loading essential drivers[   19.968759] md: linear personality registered for level -1
 ... [   20.086688] md: multipath personality registered for level -4
[   20.215761] md: raid0 personality registered for level 0
[   20.238013] md: raid1 personality registered for level 1
[   20.420050] raid6: sse2x1   gen()  2566 MB/s
[   20.640099] raid6: sse2x1   xor()  2889 MB/s
[   20.836081] raid6: sse2x2   gen()  4429 MB/s
[   21.036059] raid6: sse2x2   xor()  4713 MB/s
[   21.216044] raid6: sse2x4   gen()  5165 MB/s
[   21.388052] raid6: sse2x4   xor()  2901 MB/s
[   21.429709] raid6: using algorithm sse2x4 gen() 5165 MB/s
[   21.431565] raid6: .... xor() 2901 MB/s, rmw enabled
[   21.434280] raid6: using intx1 recovery algorithm
[   21.450625] xor: measuring software checksum speed
[   21.492059]    prefetch64-sse:  4113.000 MB/sec
[   21.532111]    generic_sse:  5245.000 MB/sec
[   21.545495] xor: using function: generic_sse (5245.000 MB/sec)
[   21.551741] async_tx: api initialized (async)
[   21.568213] md: raid6 personality registered for level 6
[   21.569989] md: raid5 personality registered for level 5
[   21.571800] md: raid4 personality registered for level 4
[   21.612269] md: raid10 personality registered for level 10
done.
Begin: Running /scripts/init-premount ... done.
Begin: Mounting root file system ... Begin: Running /scripts/local-top ... done.
Begin: Running /scripts/local-premount ... [   21.687675] Btrfs loaded, crc32c=crc32c-generic
Scanning for Btrfs filesystems
done.
Warning: fsck not present, so sk[   21.820425] EXT4-fs (sda1): mounted filesystem with ordered data mode. Opts: (null)
ipping root file system
done.
Begin: Running /scripts/local-bottom ... done.
Begin: Running /scripts/init-bottom ... /scripts/init-bottom/plymouth: line 18: /bin/plymouth: not found
done.
[   22.575586] ip_tables: (C) 2000-2006 Netfilter Core Team
[   23.021210] systemd[1]: systemd 231 running in system mode. (+PAM +AUDIT +SELINUX +IMA +APPARMOR +SMACK +SYSVINIT +UTMP +LIBCRYPTSETUP +GCRYPT +GNUTLS +ACL +XZ -LZ4 +SECCOMP +BLKID +ELFUTILS +KMOD +IDN)
[   23.068306] systemd[1]: Detected virtualization oracle.
[   23.070053] systemd[1]: Detected architecture x86-64.

Welcome to [1mUbuntu 16.10[0m!

[ 23490] systemd[1]: Set hostname to <ubuntu>.
[ 23689]ysmd]:nialzing machine ID from random generator.
[   23.821978] systemd[1]: Installed transient /etc/machine-id file.
[   24.226323] systemd[1]: Set up automount Arbitrary Executable File Formats File System Automount Point.
[[0;32m  OK  [0m] Set up automount Arbitrary Executab...ats File System Automount Point.
[   24.592855] systemd[1]: Reached target User and Group Name Lookups.
[[0;32m  OK  [0m] Reached target User and Group Name Lookups.
[   24.862752] systemd[1]: Listening on Journal Socket.
[[0;32m  OK  [0m] Listening on Journal Socket.
[   25.052981] systemd[1]: Listening on /dev/initctl Compatibility Named Pipe.
[[0;32m  OK  [0m] Listening on /dev/initctl Compatibility Named Pipe.
[[0;32m  OK  [0m] Created slice System Slice.
         Starting Uncomplicated firewall...
         Starting Remount Root and Kernel File S[   25.535510] EXT4-fs (sda1): re-mounted. Opts: (null)
ystems...
         Starting Nameserver information manager...
[[0;32m  OK  [0m] Reached target Swap.
         Starting Create list of required st... nodes for the current kernel...
         Mounting Debug File System...
[[0;32m  OK  [0m] Listening on Journal Audit Socket.
[[0;32m  OK  [0m] Created slice system-serial\x2dgetty.slice.
[[0;32m  OK  [0m] Listening on Syslog Socket.
[[0;32m  OK  [0m] Listening on Device-mapper event daemon FIFOs.
[[0;32m  OK  [0m] Started Forward Password Requests to Wall Directory Watch.
         Mounting Huge Pages File System...
[[0;32m  OK  [0m] Reached target Encrypted Volumes.
[[0;32m  OK  [0m] Listening on udev Control Socket.
[[0;32m  OK  [0m] Listening on LVM2 poll daemon socket.
         Mounting POSIX Message Queue File System...
[[0;32m  OK  [0m] Listening on LVM2 metadata daemon socket.
         Starting Monitoring of LVM2 mirrors... dmeventd or progress polling...
[[0;32m  OK  [0m] Listening on udev Kernel Socket.
         Starting Set the console keyboard layout...
[[0;32m  OK  [0m] Listening on Journal Socket (/dev/log).
         Starting Journal Service...
[[0;32m  OK  [0m] Created slice User and Session Slice.
[[0;32m  OK  [0m] Reached target Slices.
         Starting Load Kernel Modules...
[[0;32m  OK  [0m] Mounted Huge Pages File System.
[[0;32m  OK  [0m] Mounted POSIX Message Queue File System.
[[0;32m  OK  [0m] Mounted Debug File System.
[[0;32m  OK  [0m] Started Uncomplicated firewall.
[[0;32m  OK  [0m] Started Remount Root and Kernel File Systems.
[   25.828846] Loading iSCSI transport class v2.0-870.
[   25.871073] random: crng init done
[   25.884751] iscsi: registered transport (tcp)
[[0;32m  OK  [0m] Started Create list of required sta...ce nodes for the current kernel.
[[0;32m  OK  [0m] Started Nameserver information manager.
[   25.990874] iscsi: registered transport (iser)
[[0;32m  OK  [0m] Started Journal Service.
[[0;32m  OK  [0m] Started Load Kernel Modules.
         Mounting FUSE Control File System...
         Starting Apply Kernel Variables...
         Mounting Configuration File System...
[[0;32m  OK  [0m] Started LVM2 metadata daemon.
         Starting Create Static Device Nodes in /dev...
         Starting Flush Journal to Persistent Storage...
         Starting udev Coldplug all Devices...
         Starting Initial cloud-init job (pre-networking)...
         Starting Load/Save Random Seed...
[[0;32m  OK  [0m] Mounted Configuration File System.
[[0;32m  OK  [0m] Mounted FUSE Control File System.
[[0;32m  OK  [0m] Started Apply Kernel Variables.
[[0;32m  OK  [0m] Started Load/Save Random Seed.
[[0;32m  OK  [0m] Started Flush Journal to Persistent Storage.
[[0;32m  OK  [0m] Started Monitoring of LVM2 mirrors,...ng dmeventd or progress polling.
[[0;32m  OK  [0m] Started Create Static Device Nodes in /dev.
[[0;32m  OK  [0m] Started Set the console keyboard layout.
         Starting udev Kernel Device Manager...
[[0;32m  OK  [0m] Started udev Coldplug all Devices.
[[0;32m  OK  [0m] Started udev Kernel Device Manager.
[[0;32m  OK  [0m] Reached target Local File Systems (Pre).
[[0;32m  OK  [0m] Reached target Local File Systems.
         Starting AppArmor initialization...
         Starting ebtables ruleset management...
         Starting Commit a transient machine-id on disk...
         Starting Create Volatile Files and Directories...
         Starting Tell Plymouth To Write Out Runtime Data...
         Starting Set console font and keymap...
[[0;32m  OK  [0m] Started Dispatch Password Requests to Console Directory Watch.
[[0;32m  OK  [0m] Started Commit a transient machine-id on disk.
[[0;32m  OK  [0m] Started Create Volatile Files and Directories.
[[0;32m  OK  [0m] Started Tell Plymouth To Write Out Runtime Data.
[[0;32m  OK  [0m] Started Set console font and keymap.
         Starting Update UTMP about System Boot/Shutdown...
[[0;32m  OK  [0m] Reached target System Time Synchronized.
[[0;32m  OK  [0m] Started ebtables ruleset management.
[[0;32m  OK  [0m] Started Update UTMP about System Boot/Shutdown.
[[0;32m  OK  [0m] Found device /dev/ttyS0.
[[0;32m  OK  [0m] Listening on Load/Save RF Kill Switch Status /dev/rfkill Watch.
[[0;32m  OK  [0m] Started AppArmor initialization.
[   32.149836] cloud-init[534]: Cloud-init v. 0.7.9 running 'init-local' at Sun, 05 Mar 2017 14:35:05 +0000. Up 30.90 seconds.
[[0;32m  OK  [0m] Started Initial cloud-init job (pre-networking).
[[0;32m  OK  [0m] Reached target Network (Pre).
         Starting Raise network interfaces...
[[0;32m  OK  [0m] Started Raise network interfaces.
[[0;32m  OK  [0m] Reached target Network.
         Starting Initial cloud-init job (metadata service crawler)...
[   36.987570] cloud-init[1151]: Cloud-init v. 0.7.9 running 'init' at Sun, 05 Mar 2017 14:35:08 +0000. Up 34.43 seconds.
[   36.991244] cloud-init[1151]: ci-info: ++++++++++++++++++++++++++++++Net device info++++++++++++++++++++++++++++++
[   36.994237] cloud-init[1151]: ci-info: +---------+-------+-----------+---------------+-------+-------------------+
[   36.997237] cloud-init[1151]: ci-info: |  Device |   Up  |  Address  |      Mask     | Scope |     Hw-Address    |
[   37.000191] cloud-init[1151]: ci-info: +---------+-------+-----------+---------------+-------+-------------------+
[   37.003163] cloud-init[1151]: ci-info: | enp0s8: | False |     .     |       .       |   .   | 08:00:27:be:fa:35 |
[   37.006282] cloud-init[1151]: ci-info: | enp0s3: |  True | 10.0.2.15 | 255.255.255.0 |   .   | 02:b6:31:76:ba:6f |
[   37.009340] cloud-init[1151]: ci-info: | enp0s3: |  True |     .     |       .       |   d   | 02:b6:31:76:ba:6f |
[   37.013973] cloud-init[1151]: ci-info: |   lo:   |  True | 127.0.0.1 |   255.0.0.0   |   .   |         .         |
[   37.017664] cloud-init[1151]: ci-info: |   lo:   |  True |     .     |       .       |   d   |         .         |
[   37.020682] cloud-init[1151]: ci-info: +---------+-------+-----------+---------------+-------+-------------------+
[   37.023720] cloud-init[1151]: ci-info: +++++++++++++++++++++++++++Route IPv4 info++++++++++++++++++++++++++++
[   37.026608] cloud-init[1151]: ci-info: +-------+-------------+----------+---------------+-----------+-------+
[   37.029514] cloud-init[1151]: ci-info: | Route | Destination | Gateway  |    Genmask    | Interface | Flags |
[   37.032402] cloud-init[1151]: ci-info: +-------+-------------+----------+---------------+-----------+-------+
[   37.035295] cloud-init[1151]: ci-info: |   0   |   0.0.0.0   | 10.0.2.2 |    0.0.0.0    |   enp0s3  |   UG  |
[   37.038101] cloud-init[1151]: ci-info: |   1   |   10.0.2.0  | 0.0.0.0  | 255.255.255.0 |   enp0s3  |   U   |
[   37.041120] cloud-init[1151]: ci-info: +-------+-------------+----------+---------------+-----------+-------+
[   37.044079] cloud-init[1151]: Generating public/private rsa key pair.
[   37.046252] cloud-init[1151]: Your identification has been saved in /etc/ssh/ssh_host_rsa_key.
[   37.048788] cloud-init[1151]: Your public key has been saved in /etc/ssh/ssh_host_rsa_key.pub.
[   37.051491] cloud-init[1151]: The key fingerprint is:
[   37.053339] cloud-init[1151]: SHA256:wEifQYBzzkne2CWIoJzypCHj76vELMTXernyoKQXGhY root@ubuntu-yakkety
[   37.056393] cloud-init[1151]: The key's randomart image is:
[   37.058341] cloud-init[1151]: +---[RSA 2048]----+
[   37.060241] cloud-init[1151]: |.. oo+o          |
[   37.061970] cloud-init[1151]: |o =.++.o.        |
[   37.063676] cloud-init[1151]: |*o.B.==o         |
[   37.065499] cloud-init[1151]: |=E  B o.         |
[   37.068155] cloud-init[1151]: |.+o. .  S        |
[   37.070047] cloud-init[1151]: |=.+ . .          |
[   37.071950] cloud-init[1151]: |oB = o           |
[   37.073735] cloud-init[1151]: |* +.o .          |
[   37.075552] cloud-init[1151]: |.+.o+o           |
[   37.077338] cloud-init[1151]: +----[SHA256]-----+
[   37.079098] cloud-init[1151]: Generating public/private dsa key pair.
[   37.081340] cloud-init[1151]: Your identification has been saved in /etc/ssh/ssh_host_dsa_key.
[   37.083837] cloud-init[1151]: Your public key has been saved in /etc/ssh/ssh_host_dsa_key.pub.
[   37.086456] cloud-init[1151]: The key fingerprint is:
[   37.088313] cloud-init[1151]: SHA256:rIGZTJ/qE2kx3EArGc8PpFpE8Ap2Quy5fxDP5QCcgLc root@ubuntu-yakkety
[   37.091659] cloud-init[1151]: The key's randomart image is:
[   37.093720] cloud-init[1151]: +---[DSA 1024]----+
[   37.095458] cloud-init[1151]: |+=*.+            |
[   37.097318] cloud-init[1151]: |o+.@..           |
[   37.099048] cloud-init[1151]: |o+B+Bo           |
[   37.100839] cloud-init[1151]: |o*E=+O.+         |
[   37.102681] cloud-init[1151]: |o . O+O S        |
[   37.104436] cloud-init[1151]: | . .++ +         |
[   37.106155] cloud-init[1151]: |  ..o..          |
[   37.107973] cloud-init[1151]: |   o..           |
[   37.109744] cloud-init[1151]: |    o.           |
[   37.111595] cloud-init[1151]: +----[SHA256]-----+
[   37.113504] cloud-init[1151]: Generating public/private ecdsa key pair.
[   37.115701] cloud-init[1151]: Your identification has been saved in /etc/ssh/ssh_host_ecdsa_key.
[   37.118526] cloud-init[1151]: Your public key has been saved in /etc/ssh/ssh_host_ecdsa_key.pub.
[   37.121207] cloud-init[1151]: The key fingerprint is:
[   37.123057] cloud-init[1151]: SHA256:zbmGusBHTSZPEtJdf7ZwFLlE3N5EnjfjZbqveY9Ix+0 root@ubuntu-yakkety
[   37.125882] cloud-init[1151]: The key's randomart image is:
[   37.127906] cloud-init[1151]: +---[ECDSA 256]---+
[   37.131587] cloud-init[1151]: |    .... ..  o+=.|
[   37.133516] cloud-init[1151]: |     ....  . .+.+|
[   37.135482] cloud-init[1151]: |      o +   o.+B*|
[   37.137304] cloud-init[1151]: |       O o . =o+B|
[   37.139094] cloud-init[1151]: |      . S +   o. |
[   37.141039] cloud-init[1151]: |   . .   . . . o |
[   37.142891] cloud-init[1151]: |    o . . o . + .|
[   37.144780] cloud-init[1151]: |     o . . . o =.|
[   37.146596] cloud-init[1151]: |      o.    . +oE|
[   37.148412] cloud-init[1151]: +----[SHA256]-----+
[   37.150438] cloud-init[1151]: Generating public/private ed25519 key pair.
[   37.152712] cloud-init[1151]: Your identification has been saved in /etc/ssh/ssh_host_ed25519_key.
[   37.155320] cloud-init[1151]: Your public key has been saved in /etc/ssh/ssh_host_ed25519_key.pub.[[0;32m  OK  [0m] Started Initial cloud-init job (metadata service crawler).
[[0;32m  OK  [0m] Reached target System Initialization.

[   37.532847] [cloud-init[0;32m  OK  [0m[1151]: ] The key fingerprint is:Started Daily apt activities.

[   37.533489] cloud-init[1151]: SHA256:4pF5DqwHqN881vH3ukBu/DSnD4A0QCY9RnUcojm4W6g root@ubuntu-yakkety
[   37.752731] cloud-init[1151]: The key's randomart image is:
[   37.753193] [cloud-init[0;32m  OK  [0m[1151]: ] +--[ED25519 256]--+
Started Timer to automatically refresh installed snaps.
[[   37.753391] cloud-init[1151]: |  .+=.o.o.       |
[0;32m  OK  [0m] Listening on D-Bus System Message Bus Socket.
[   37.977450] cloud-init[1151]: |   +++ o.        |
[   38.180800] cloud-init[1151]: |  ..+.o          |
[   38.181271] cloud-init[1151]: |   + + =         |
         Starting LXD - unix socket.
[[   38.181416] cloud-init[1151]: |  + o O S        |
[0;32m  OK  [0m] Listening on UUID daemon activation socket.
[[0;32m  OK  [0m] Started Daily Cleanup of Temporary Directories.
[[0;32m  OK  [0m] Reached target Timers.
[[   38.376968] cloud-init[1151]: | o o +.X .       |
[0;32m  OK  [0m] Listening on ACPID Listen Socket.
[   38.681077] cloud-init[1151]: |E . ..oo* + .    |
[   38.920656] cloud-init[1151]: | . oo....+.=     |
[   38.921003] cloud-init[1151]: |  ..o.   .==o    |
         Starting Socket activation for snappy daemon.
[   38.921098] cloud-init[1151]: +----[SHA256]-----+
[[0;32m  OK  [0m] Started ACPI Events Check.
[[0;32m  OK  [0m] Reached target Paths.
[[0;32m  OK  [0m] Reached target Cloud-config availability.
[[0;32m  OK  [0m] Reached target Network is Online.
         Starting iSCSI initiator daemon (iscsid)...
[[0;32m  OK  [0m] Listening on LXD - unix socket.
[[0;32m  OK  [0m] Listening on Socket activation for snappy daemon.
[[0;32m  OK  [0m] Reached target Sockets.
[[0;32m  OK  [0m] Reached target Basic System.
         Starting LSB: Record successful boot for GRUB...
         Starting Pollinate to seed the pseudo random number generator...
         Starting Login Service...
[[0;32m  OK  [0m] Started FUSE filesystem for LXC.
[[0;32m  OK  [0m] Started D-Bus System Message Bus.
         Starting System Logging Service...
         Starting Apply the settings specified in cloud-config...
[[0;32m  OK  [0m] Started Regular background program processing daemon.
         Starting Accounts Service...
[[0;32m  OK  [0m] Started ACPI event daemon.
         Starting Network Name Resolution...
[[0;32m  OK  [0m] Started Deferred execution scheduler.
[[0;32m  OK  [0m] Started Snappy daemon.
         Starting Auto import assertions from block devices...
         Starting LXD - container startup/shutdown...
[[0;32m  OK  [0m] Started System Logging Service.
[[0;32m  OK  [0m] Started iSCSI initiator daemon (iscsid).
         Starting Login to default iSCSI targets...
[[0;32m  OK  [0m] Started Login Service.
[[0;32m  OK  [0m] Started LSB: Record successful boot for GRUB.
[[0;32m  OK  [0m] Started Auto import assertions from block devices.
[[0;32m  OK  [0m] Started Login to default iSCSI targets.
[[0;32m  OK  [0m] Reached target Remote File Systems (Pre).
[[0;32m  OK  [0m] Reached target Remote File Systems.
         Starting LSB: automatic crash report generation...
         Starting LSB: daemon to balance interrupts for SMP systems...
         Starting LSB: VirtualBox Linux Additions...
         Starting Permit User Sessions...
[[0;32m  OK  [0m] Started Permit User Sessions.
         Starting Terminate Plymouth Boot Screen...
         Starting Hold until boot process finishes up...
         Starting Authenticate and Authorize Users to Run Privileged Tasks...
[[0;32m  OK  [0m] Started Network Name Resolution.
[[0;32m  OK  [0m] Started Terminate Plymouth Boot Screen.
[[0;32m  OK  [0m] Started Hold until boot process finishes up.
         Starting Set console scheme...
[[0;32m  OK  [0m] Started Serial Getty on ttyS0.
[[0;32m  OK  [0m] Started Set console scheme.
[[0;32m  OK  [0m] Started Authenticate and Authorize Users to Run Privileged Tasks.
[[0;32m  OK  [0m] Started Accounts Service.
[[0;32m  OK  [0m] Created slice system-getty.slice.
[[0;32m  OK  [0m] Started Getty on tty1.
[[0;32m  OK  [0m] Reached target Login Prompts.
[[0;32m  OK  [0m] Started LSB: automatic crash report generation.
[[0;32m  OK  [0m] Started LSB: daemon to balance interrupts for SMP systems.
[[0;32m  OK  [0m] Started LSB: VirtualBox Linux Additions.
[[0;32m  OK  [0m] Started LXD - container startup/shutdown.
[[0;32m  OK  [0m] Started Pollinate to seed the pseudo random number generator.
[   44.051975] cloud-init[1335]: Generating locales (this might take a while)...
         Starting OpenBSD Secure Shell server...
[[0;32m  OK  [0m] Started OpenBSD Secure Shell server.
[[0;32m  OK  [0m] Reached target Multi-User System.
[[0;32m  OK  [0m] Reached target Graphical Interface.
         Starting Update UTMP about System Runlevel Changes...
[[0;32m  OK  [0m] Started Update UTMP about System Runlevel Changes.
[   46.546878] cloud-init[1335]:   en_US.UTF-8... done
[   46.588943] cloud-init[1335]: Generation complete.

Ubuntu 16.10 ubuntu-yakkety ttyS0

ubuntu-yakkety login: [   48.355169] cloud-init[1335]: Cloud-init v. 0.7.9 running 'modules:config' at Sun, 05 Mar 2017 14:35:17 +0000. Up 43.16 seconds.
ci-info: no authorized ssh keys fingerprints found for user ubuntu.
<14>Mar  5 14:35:24 ec2: 
<14>Mar  5 14:35:24 ec2: #############################################################
<14>Mar  5 14:35:24 ec2: -----BEGIN SSH HOST KEY FINGERPRINTS-----
<14>Mar  5 14:35:24 ec2: 1024 SHA256:rIGZTJ/qE2kx3EArGc8PpFpE8Ap2Quy5fxDP5QCcgLc root@ubuntu-yakkety (DSA)
<14>Mar  5 14:35:24 ec2: 256 SHA256:zbmGusBHTSZPEtJdf7ZwFLlE3N5EnjfjZbqveY9Ix+0 root@ubuntu-yakkety (ECDSA)
<14>Mar  5 14:35:24 ec2: 256 SHA256:4pF5DqwHqN881vH3ukBu/DSnD4A0QCY9RnUcojm4W6g root@ubuntu-yakkety (ED25519)
<14>Mar  5 14:35:24 ec2: 2048 SHA256:wEifQYBzzkne2CWIoJzypCHj76vELMTXernyoKQXGhY root@ubuntu-yakkety (RSA)
<14>Mar  5 14:35:24 ec2: -----END SSH HOST KEY FINGERPRINTS-----
<14>Mar  5 14:35:24 ec2: #############################################################
-----BEGIN SSH HOST KEY KEYS-----
ecdsa-sha2-nistp256 AAAAE2VjZHNhLXNoYTItbmlzdHAyNTYAAAAIbmlzdHAyNTYAAABBBL3jjPsA96GS8NeE8iItzYfgP9QeU1hVbQDOMJi4KLInChboNJr9LqwAoJottTI7XvYpo0se7eVhAo+M10ujXcQ= root@ubuntu-yakkety
ssh-ed25519 AAAAC3NzaC1lZDI1NTE5AAAAIPZzFoqA1vNjYGM+YkB+22S8hpqP1fA8qpu+KbjCRFiw root@ubuntu-yakkety
ssh-rsa AAAAB3NzaC1yc2EAAAADAQABAAABAQCiz3c2KRPUd4Q7BnOK8pLVx2cPM1G5EjCblPU62rX8ieq8iF5G7rxUqXqtHDprxqGcvCIb8Fd2gfMYbON53+fh9PEHH4ezo2mNNMW5bi81GjVKzAPAd0HcidfjB+Mf8FOVGVMFKEXmyAXzj1yxZDtFDX53+fI5Y5Tx5g5YkDA5R2GXX6lXtliudE9gJ3Uj7q3Q8wn12rTbwM4kxIegL6TFRvFICrCYW70o6qTV7rE6ZEeSpqUaPSvsZ+sEbnenNKVoG6MTWt9c0Ns6LAexF9dJA2+Hx5LWNzfJSn0jtQWE2+dPshdM0ZYAO/jhALPrvyQKs9vCsmlm68kYwzkRuBgf root@ubuntu-yakkety
-----END SSH HOST KEY KEYS-----
[   49.981472] cloud-init[1677]: Cloud-init v. 0.7.9 running 'modules:final' at Sun, 05 Mar 2017 14:35:23 +0000. Up 49.52 seconds.
[   49.981943] cloud-init[1677]: ci-info: no authorized ssh keys fingerprints found for user ubuntu.
[   49.982180] cloud-init[1677]: Cloud-init v. 0.7.9 finished at Sun, 05 Mar 2017 14:35:24 +0000. Datasource DataSourceNoCloud [seed=/dev/sdb][dsmode=net].  Up 49.95 seconds
